app/build/intermediates/manifest_merge_blame_file/release/processReleaseMainManifest/manifest-merger-blame-release-report.txt
1<?xml version="1.0" encoding="utf-8"?>
2<manifest xmlns:android="http://schemas.android.com/apk/res/android"
3    package="com.example.leetcodegate"
4    android:versionCode="1"
5    android:versionName="1.0" >
6
7    <uses-sdk
8        android:minSdkVersion="26"
9        android:targetSdkVersion="32" />
10
11    <uses-permission android:name="android.permission.INTERNET" />
11-->src\main\AndroidManifest.xml:5:5-67
11-->src\main\AndroidManifest.xml:5:22-64
12    <uses-permission android:name="android.permission.CAMERA" />
12-->src\main\AndroidManifest.xml:6:5-65
12-->src\main\AndroidManifest.xml:6:22-62
13    <uses-permission android:name="android.permission.SYSTEM_ALERT_WINDOW" />
13-->src\main\AndroidManifest.xml:7:5-78
13-->src\main\AndroidManifest.xml:7:22-75
14    <uses-permission android:name="android.permission.RECEIVE_BOOT_COMPLETED" />
14-->src\main\AndroidManifest.xml:9:5-81
14-->src\main\AndroidManifest.xml:9:22-78
15
16    <permission
16-->[androidx.core:core:1.12.0] AndroidManifest.xml:22:5-24:47
17        android:name="com.example.leetcodegate.DYNAMIC_RECEIVER_NOT_EXPORTED_PERMISSION"
17-->[androidx.core:core:1.12.0] AndroidManifest.xml:23:9-81
18        android:protectionLevel="signature" />
18-->[androidx.core:core:1.12.0] AndroidManifest.xml:24:9-44
19
20    <uses-permission android:name="com.example.leetcodegate.DYNAMIC_RECEIVER_NOT_EXPORTED_PERMISSION" /> <!-- Although the *SdkVersion is captured in gradle build files, this is required for non gradle builds -->
20-->[androidx.core:core:1.12.0] AndroidManifest.xml:26:5-97
20-->[androidx.core:core:1.12.0] AndroidManifest.xml:26:22-94
21    <!-- <uses-sdk android:minSdkVersion="14"/> -->
22    <uses-permission android:name="android.permission.ACCESS_NETWORK_STATE" />
22-->[com.google.android.datatransport:transport-backend-cct:2.3.3] AndroidManifest.xml:25:5-79
22-->[com.google.android.datatransport:transport-backend-cct:2.3.3] AndroidManifest.xml:25:22-76
23
24    <application
24-->src\main\AndroidManifest.xml:11:5-54:19
25        android:name="com.example.leetcodegate.App"
25-->src\main\AndroidManifest.xml:12:9-28
26        android:allowBackup="true"
26-->src\main\AndroidManifest.xml:13:9-35
27        android:appComponentFactory="androidx.core.app.CoreComponentFactory"
27-->[androidx.core:core:1.12.0] AndroidManifest.xml:28:18-86
28        android:dataExtractionRules="@xml/data_extraction_rules"
28-->src\main\AndroidManifest.xml:14:9-65
29        android:extractNativeLibs="false"
30        android:fullBackupContent="@xml/backup_rules"
30-->src\main\AndroidManifest.xml:15:9-54
31        android:icon="@mipmap/ic_launcher"
31-->src\main\AndroidManifest.xml:16:9-43
32        android:label="@string/app_name"
32-->src\main\AndroidManifest.xml:17:9-41
33        android:roundIcon="@mipmap/ic_launcher_round"
33-->src\main\AndroidManifest.xml:18:9-54
34        android:supportsRtl="true"
34-->src\main\AndroidManifest.xml:19:9-35
35        android:theme="@style/Theme.LeetCodeGate" >
35-->src\main\AndroidManifest.xml:20:9-50
36        <receiver
36-->src\main\AndroidManifest.xml:23:9-30:20
37            android:name="com.example.leetcodegate.BootReceiver"
37-->src\main\AndroidManifest.xml:24:13-41
38            android:exported="true" >
38-->src\main\AndroidManifest.xml:25:13-36
39            <intent-filter>
39-->src\main\AndroidManifest.xml:26:13-29:29
40                <action android:name="android.intent.action.BOOT_COMPLETED" />
40-->src\main\AndroidManifest.xml:27:17-79
40-->src\main\AndroidManifest.xml:27:25-76
41                <action android:name="android.intent.action.MY_PACKAGE_REPLACED" />
41-->src\main\AndroidManifest.xml:28:17-84
41-->src\main\AndroidManifest.xml:28:25-81
42            </intent-filter>
43        </receiver>
44
45        <activity
45-->src\main\AndroidManifest.xml:32:9-40:20
46            android:name="com.example.leetcodegate.MainActivity"
46-->src\main\AndroidManifest.xml:33:13-41
47            android:exported="true"
47-->src\main\AndroidManifest.xml:34:13-36
48            android:theme="@style/Theme.LeetCodeGate" >
48-->src\main\AndroidManifest.xml:35:13-54
49            <intent-filter>
49-->src\main\AndroidManifest.xml:36:13-39:29
50                <action android:name="android.intent.action.MAIN" />
50-->src\main\AndroidManifest.xml:37:17-69
50-->src\main\AndroidManifest.xml:37:25-66
51
52                <category android:name="android.intent.category.LAUNCHER" />
52-->src\main\AndroidManifest.xml:38:17-77
52-->src\main\AndroidManifest.xml:38:27-74
53            </intent-filter>
54        </activity>
55
56        <service
56-->src\main\AndroidManifest.xml:42:9-53:19
57            android:name="com.example.leetcodegate.accessibility.InstagramAccessibilityService"
57-->src\main\AndroidManifest.xml:43:13-72
58            android:exported="true"
58-->src\main\AndroidManifest.xml:46:13-36
59            android:label="@string/app_name"
59-->src\main\AndroidManifest.xml:44:13-45
60            android:permission="android.permission.BIND_ACCESSIBILITY_SERVICE" >
60-->src\main\AndroidManifest.xml:45:13-79
61            <intent-filter>
61-->src\main\AndroidManifest.xml:47:13-49:29
62                <action android:name="android.accessibilityservice.AccessibilityService" />
62-->src\main\AndroidManifest.xml:48:17-92
62-->src\main\AndroidManifest.xml:48:25-89
63            </intent-filter>
64
65            <meta-data
65-->src\main\AndroidManifest.xml:50:13-52:72
66                android:name="android.accessibilityservice"
66-->src\main\AndroidManifest.xml:51:17-60
67                android:resource="@xml/accessibility_service_config" />
67-->src\main\AndroidManifest.xml:52:17-69
68        </service>
69        <service
69-->[androidx.camera:camera-camera2:1.3.0] AndroidManifest.xml:24:9-33:19
70            android:name="androidx.camera.core.impl.MetadataHolderService"
70-->[androidx.camera:camera-camera2:1.3.0] AndroidManifest.xml:25:13-75
71            android:enabled="false"
71-->[androidx.camera:camera-camera2:1.3.0] AndroidManifest.xml:26:13-36
72            android:exported="false" >
72-->[androidx.camera:camera-camera2:1.3.0] AndroidManifest.xml:27:13-37
73            <meta-data
73-->[androidx.camera:camera-camera2:1.3.0] AndroidManifest.xml:30:13-32:89
74                android:name="androidx.camera.core.impl.MetadataHolderService.DEFAULT_CONFIG_PROVIDER"
74-->[androidx.camera:camera-camera2:1.3.0] AndroidManifest.xml:31:17-103
75                android:value="androidx.camera.camera2.Camera2Config$DefaultProvider" />
75-->[androidx.camera:camera-camera2:1.3.0] AndroidManifest.xml:32:17-86
76        </service>
77        <service
77-->[com.google.android.gms:play-services-mlkit-text-recognition-common:19.1.0] AndroidManifest.xml:9:9-15:19
78            android:name="com.google.mlkit.common.internal.MlKitComponentDiscoveryService"
78-->[com.google.android.gms:play-services-mlkit-text-recognition-common:19.1.0] AndroidManifest.xml:10:13-91
79            android:directBootAware="true"
79-->[com.google.mlkit:common:18.11.0] AndroidManifest.xml:17:13-43
80            android:exported="false" >
80-->[com.google.android.gms:play-services-mlkit-text-recognition-common:19.1.0] AndroidManifest.xml:11:13-37
81            <meta-data
81-->[com.google.android.gms:play-services-mlkit-text-recognition-common:19.1.0] AndroidManifest.xml:12:13-14:85
82                android:name="com.google.firebase.components:com.google.mlkit.vision.text.internal.TextRegistrar"
82-->[com.google.android.gms:play-services-mlkit-text-recognition-common:19.1.0] AndroidManifest.xml:13:17-114
83                android:value="com.google.firebase.components.ComponentRegistrar" />
83-->[com.google.android.gms:play-services-mlkit-text-recognition-common:19.1.0] AndroidManifest.xml:14:17-82
84            <meta-data
84-->[com.google.mlkit:vision-common:17.3.0] AndroidManifest.xml:12:13-14:85
85                android:name="com.google.firebase.components:com.google.mlkit.vision.common.internal.VisionCommonRegistrar"
85-->[com.google.mlkit:vision-common:17.3.0] AndroidManifest.xml:13:17-124
86                android:value="com.google.firebase.components.ComponentRegistrar" />
86-->[com.google.mlkit:vision-common:17.3.0] AndroidManifest.xml:14:17-82
87            <meta-data
87-->[com.google.mlkit:common:18.11.0] AndroidManifest.xml:20:13-22:85
88                android:name="com.google.firebase.components:com.google.mlkit.common.internal.CommonComponentRegistrar"
88-->[com.google.mlkit:common:18.11.0] AndroidManifest.xml:21:17-120
89                android:value="com.google.firebase.components.ComponentRegistrar" />
89-->[com.google.mlkit:common:18.11.0] AndroidManifest.xml:22:17-82
90        </service>
91
92        <provider
92-->[com.google.mlkit:common:18.11.0] AndroidManifest.xml:9:9-13:38
93            android:name="com.google.mlkit.common.internal.MlKitInitProvider"
93-->[com.google.mlkit:common:18.11.0] AndroidManifest.xml:10:13-78
94            android:authorities="com.example.leetcodegate.mlkitinitprovider"
94-->[com.google.mlkit:common:18.11.0] AndroidManifest.xml:11:13-69
95            android:exported="false"
95-->[com.google.mlkit:common:18.11.0] AndroidManifest.xml:12:13-37
96            android:initOrder="99" />
96-->[com.google.mlkit:common:18.11.0] AndroidManifest.xml:13:13-35
97
98        <activity
98-->[com.google.android.gms:play-services-base:18.5.0] AndroidManifest.xml:5:9-173
99            android:name="com.google.android.gms.common.api.GoogleApiActivity"
99-->[com.google.android.gms:play-services-base:18.5.0] AndroidManifest.xml:5:19-85
100            android:exported="false"
100-->[com.google.android.gms:play-services-base:18.5.0] AndroidManifest.xml:5:146-170
101            android:theme="@android:style/Theme.Translucent.NoTitleBar" />
101-->[com.google.android.gms:play-services-base:18.5.0] AndroidManifest.xml:5:86-145
102
103        <meta-data
103-->[com.google.android.gms:play-services-basement:18.4.0] AndroidManifest.xml:6:9-122
104            android:name="com.google.android.gms.version"
104-->[com.google.android.gms:play-services-basement:18.4.0] AndroidManifest.xml:6:20-65
105            android:value="@integer/google_play_services_version" />
105-->[com.google.android.gms:play-services-basement:18.4.0] AndroidManifest.xml:6:66-119
106
107        <provider
107-->[androidx.emoji2:emoji2:1.3.0] AndroidManifest.xml:24:9-32:20
108            android:name="androidx.startup.InitializationProvider"
108-->[androidx.emoji2:emoji2:1.3.0] AndroidManifest.xml:25:13-67
109            android:authorities="com.example.leetcodegate.androidx-startup"
109-->[androidx.emoji2:emoji2:1.3.0] AndroidManifest.xml:26:13-68
110            android:exported="false" >
110-->[androidx.emoji2:emoji2:1.3.0] AndroidManifest.xml:27:13-37
111            <meta-data
111-->[androidx.emoji2:emoji2:1.3.0] AndroidManifest.xml:29:13-31:52
112                android:name="androidx.emoji2.text.EmojiCompatInitializer"
112-->[androidx.emoji2:emoji2:1.3.0] AndroidManifest.xml:30:17-75
113                android:value="androidx.startup" />
113-->[androidx.emoji2:emoji2:1.3.0] AndroidManifest.xml:31:17-49
114            <meta-data
114-->[androidx.lifecycle:lifecycle-process:2.7.0] AndroidManifest.xml:29:13-31:52
115                android:name="androidx.lifecycle.ProcessLifecycleInitializer"
115-->[androidx.lifecycle:lifecycle-process:2.7.0] AndroidManifest.xml:30:17-78
116                android:value="androidx.startup" />
116-->[androidx.lifecycle:lifecycle-process:2.7.0] AndroidManifest.xml:31:17-49
117            <meta-data
117-->[androidx.profileinstaller:profileinstaller:1.3.0] AndroidManifest.xml:29:13-31:52
118                android:name="androidx.profileinstaller.ProfileInstallerInitializer"
118-->[androidx.profileinstaller:profileinstaller:1.3.0] AndroidManifest.xml:30:17-85
119                android:value="androidx.startup" />
119-->[androidx.profileinstaller:profileinstaller:1.3.0] AndroidManifest.xml:31:17-49
120        </provider>
121
122        <receiver
122-->[androidx.profileinstaller:profileinstaller:1.3.0] AndroidManifest.xml:34:9-52:20
123            android:name="androidx.profileinstaller.ProfileInstallReceiver"
123-->[androidx.profileinstaller:profileinstaller:1.3.0] AndroidManifest.xml:35:13-76
124            android:directBootAware="false"
124-->[androidx.profileinstaller:profileinstaller:1.3.0] AndroidManifest.xml:36:13-44
125            android:enabled="true"
125-->[androidx.profileinstaller:profileinstaller:1.3.0] AndroidManifest.xml:37:13-35
126            android:exported="true"
126-->[androidx.profileinstaller:profileinstaller:1.3.0] AndroidManifest.xml:38:13-36
127            android:permission="android.permission.DUMP" >
127-->[androidx.profileinstaller:profileinstaller:1.3.0] AndroidManifest.xml:39:13-57
128            <intent-filter>
128-->[androidx.profileinstaller:profileinstaller:1.3.0] AndroidManifest.xml:40:13-42:29
129                <action android:name="androidx.profileinstaller.action.INSTALL_PROFILE" />
129-->[androidx.profileinstaller:profileinstaller:1.3.0] AndroidManifest.xml:41:17-91
129-->[androidx.profileinstaller:profileinstaller:1.3.0] AndroidManifest.xml:41:25-88
130            </intent-filter>
131            <intent-filter>
131-->[androidx.profileinstaller:profileinstaller:1.3.0] AndroidManifest.xml:43:13-45:29
132                <action android:name="androidx.profileinstaller.action.SKIP_FILE" />
132-->[androidx.profileinstaller:profileinstaller:1.3.0] AndroidManifest.xml:44:17-85
132-->[androidx.profileinstaller:profileinstaller:1.3.0] AndroidManifest.xml:44:25-82
133            </intent-filter>
134            <intent-filter>
134-->[androidx.profileinstaller:profileinstaller:1.3.0] AndroidManifest.xml:46:13-48:29
135                <action android:name="androidx.profileinstaller.action.SAVE_PROFILE" />
135-->[androidx.profileinstaller:profileinstaller:1.3.0] AndroidManifest.xml:47:17-88
135-->[androidx.profileinstaller:profileinstaller:1.3.0] AndroidManifest.xml:47:25-85
136            </intent-filter>
137            <intent-filter>
137-->[androidx.profileinstaller:profileinstaller:1.3.0] AndroidManifest.xml:49:13-51:29
138                <action android:name="androidx.profileinstaller.action.BENCHMARK_OPERATION" />
138-->[androidx.profileinstaller:profileinstaller:1.3.0] AndroidManifest.xml:50:17-95
138-->[androidx.profileinstaller:profileinstaller:1.3.0] AndroidManifest.xml:50:25-92
139            </intent-filter>
140        </receiver>
141
142        <service
142-->[com.google.android.datatransport:transport-backend-cct:2.3.3] AndroidManifest.xml:29:9-35:19
143            android:name="com.google.android.datatransport.runtime.backends.TransportBackendDiscovery"
143-->[com.google.android.datatransport:transport-backend-cct:2.3.3] AndroidManifest.xml:30:13-103
144            android:exported="false" >
144-->[com.google.android.datatransport:transport-backend-cct:2.3.3] AndroidManifest.xml:31:13-37
145            <meta-data
145-->[com.google.android.datatransport:transport-backend-cct:2.3.3] AndroidManifest.xml:32:13-34:39
146                android:name="backend:com.google.android.datatransport.cct.CctBackendFactory"
146-->[com.google.android.datatransport:transport-backend-cct:2.3.3] AndroidManifest.xml:33:17-94
147                android:value="cct" />
147-->[com.google.android.datatransport:transport-backend-cct:2.3.3] AndroidManifest.xml:34:17-36
148        </service>
149        <service
149-->[com.google.android.datatransport:transport-runtime:2.2.6] AndroidManifest.xml:26:9-30:19
150            android:name="com.google.android.datatransport.runtime.scheduling.jobscheduling.JobInfoSchedulerService"
150-->[com.google.android.datatransport:transport-runtime:2.2.6] AndroidManifest.xml:27:13-117
151            android:exported="false"
151-->[com.google.android.datatransport:transport-runtime:2.2.6] AndroidManifest.xml:28:13-37
152            android:permission="android.permission.BIND_JOB_SERVICE" >
152-->[com.google.android.datatransport:transport-runtime:2.2.6] AndroidManifest.xml:29:13-69
153        </service>
154
155        <receiver
155-->[com.google.android.datatransport:transport-runtime:2.2.6] AndroidManifest.xml:32:9-34:40
156            android:name="com.google.android.datatransport.runtime.scheduling.jobscheduling.AlarmManagerSchedulerBroadcastReceiver"
156-->[com.google.android.datatransport:transport-runtime:2.2.6] AndroidManifest.xml:33:13-132
157            android:exported="false" />
157-->[com.google.android.datatransport:transport-runtime:2.2.6] AndroidManifest.xml:34:13-37
158    </application>
159
160</manifest>